<?xml version="1.0" encoding="UTF-8"?>
<testng-results ignored="0" total="1" passed="1" failed="0" skipped="0">
  <reporter-output>
  </reporter-output>
  <suite started-at="2023-10-12T14:07:44 IST" name="Default suite" finished-at="2023-10-12T14:07:55 IST" duration-ms="10690">
    <groups>
    </groups>
    <test started-at="2023-10-12T14:07:44 IST" name="Default test" finished-at="2023-10-12T14:07:55 IST" duration-ms="10690">
      <class name="seleniumjenkins.Seleniumtest1">
        <test-method signature="method1()[pri:0, instance:seleniumjenkins.Seleniumtest1@6e6f2380]" started-at="2023-10-12T14:07:44 IST" name="method1" finished-at="2023-10-12T14:07:55 IST" duration-ms="10581" status="PASS">
          <reporter-output>
          </reporter-output>
        </test-method> <!-- method1 -->
      </class> <!-- seleniumjenkins.Seleniumtest1 -->
    </test> <!-- Default test -->
  </suite> <!-- Default suite -->
</testng-results>
